\BOOKMARK [0][-]{chapter.1}{Introduction}{}% 1
\BOOKMARK [0][-]{chapter.2}{Project organization}{}% 2
\BOOKMARK [1][-]{section.2.1}{Hardware and software components}{chapter.2}% 3
\BOOKMARK [2][-]{subsection.2.1.1}{Hardware}{section.2.1}% 4
\BOOKMARK [2][-]{subsection.2.1.2}{Software}{section.2.1}% 5
\BOOKMARK [1][-]{section.2.2}{Model based design}{chapter.2}% 6
\BOOKMARK [1][-]{section.2.3}{Team organization}{chapter.2}% 7
\BOOKMARK [0][-]{chapter.3}{Model explanation \046 design}{}% 8
\BOOKMARK [1][-]{section.3.1}{Mapped motor}{chapter.3}% 9
\BOOKMARK [1][-]{section.3.2}{Transmission Dynamics}{chapter.3}% 10
\BOOKMARK [1][-]{section.3.3}{Vehicle longitudinal dynamics}{chapter.3}% 11
\BOOKMARK [0][-]{chapter.4}{Project development}{}% 12
\BOOKMARK [1][-]{section.4.1}{Requirements}{chapter.4}% 13
\BOOKMARK [2][-]{subsection.4.1.1}{Software requirements}{section.4.1}% 14
\BOOKMARK [2][-]{subsection.4.1.2}{High level requirements}{section.4.1}% 15
\BOOKMARK [2][-]{subsection.4.1.3}{Low level requirements}{section.4.1}% 16
\BOOKMARK [1][-]{section.4.2}{Unity \046 Integration testing}{chapter.4}% 17
\BOOKMARK [2][-]{subsection.4.2.1}{Switch subsystem}{section.4.2}% 18
\BOOKMARK [2][-]{subsection.4.2.2}{Torque split}{section.4.2}% 19
\BOOKMARK [2][-]{subsection.4.2.3}{SoC handler}{section.4.2}% 20
\BOOKMARK [2][-]{subsection.4.2.4}{Integration test}{section.4.2}% 21
\BOOKMARK [1][-]{section.4.3}{MIL}{chapter.4}% 22
\BOOKMARK [1][-]{section.4.4}{SIL}{chapter.4}% 23
\BOOKMARK [1][-]{section.4.5}{Automatic code generation}{chapter.4}% 24
\BOOKMARK [2][-]{subsection.4.5.1}{Prepare a Model for Code Generarion}{section.4.5}% 25
\BOOKMARK [2][-]{subsection.4.5.2}{Generate Code using Ebedded Coder}{section.4.5}% 26
\BOOKMARK [1][-]{section.4.6}{PIL}{chapter.4}% 27
\BOOKMARK [0][-]{chapter.5}{Conclusion}{}% 28
